<?xml version="1.0" encoding="UTF-8"?>
<!-- Generated by org.testng.reporters.JUnitReportReporter -->
<testsuite hostname="DESKTOP-SI180QA" failures="0" tests="1" name="seleniumbasics.DemoWebShop" time="40.207" errors="0" timestamp="2023-01-18T13:07:05 IST" skipped="0">
  <testcase classname="seleniumbasics.DemoWebShop" name="TC_009_verifyRegistrationWithExcelAndRandomDataGeneration" time="40.207"/>
  <system-out/>
</testsuite> <!-- seleniumbasics.DemoWebShop -->
