<?xml version="1.0" encoding="UTF-8"?>
<!-- Generated by org.testng.reporters.JUnitReportReporter -->
<testsuite hostname="DESKTOP-SI180QA" failures="0" tests="2" name="seleniumbasics.DemoWebShop" time="29.713" errors="0" timestamp="2023-01-17T17:53:45 IST" skipped="0">
  <testcase classname="seleniumbasics.DemoWebShop" name="TC_007_verifyValidLoginHomework" time="21.415"/>
  <system-out/>
  <testcase classname="seleniumbasics.DemoWebShop" name="TC_007_verifyValidLoginHomework" time="8.298"/>
  <system-out/>
</testsuite> <!-- seleniumbasics.DemoWebShop -->
