<?xml version="1.0" encoding="UTF-8"?>
<!-- Generated by org.testng.reporters.JUnitReportReporter -->
<testsuite hostname="DESKTOP-SI180QA" failures="0" tests="2" name="seleniumbasics.Vehicle" time="0.001" errors="0" timestamp="2023-01-13T08:32:40 IST" skipped="0">
  <testcase classname="seleniumbasics.Vehicle" name="verifyvehicleBrand" time="0.001"/>
  <system-out/>
  <testcase classname="seleniumbasics.Vehicle" name="verifyVehicleQuality" time="0.000"/>
  <system-out/>
</testsuite> <!-- seleniumbasics.Vehicle -->
